┌ Error: CUDA.jl could not find an appropriate CUDA runtime to use.
│ 
│ This can have several reasons:
│ * you are using an unsupported platform: this version of CUDA.jl
│   only supports Linux (x86_64, aarch64, ppc64le) and Windows (x86_64),
│   while your platform was identified as x86_64-linux-gnu-libgfortran5-cxx11-cuda+none-julia_version+1.9.2;
│ * you precompiled CUDA.jl in an environment where the CUDA driver
│   was not available (i.e., a container, or an HPC login node).
│   in that case, you need to specify which CUDA version to use
│   by calling `CUDA.set_runtime_version!`;
│ * you requested use of a local CUDA toolkit, but not all
│   required components were discovered. try running with
│   JULIA_DEBUG=all in your environment for more details.
│ 
│ For more details, refer to the CUDA.jl documentation at
│ https://cuda.juliagpu.org/stable/installation/overview/
└ @ CUDA /nobackup1/users/ssilvest/depot/packages/CUDA/pCcGc/src/initialization.jl:82
ERROR: LoadError: syntax: keyword argument "δU_stencil" repeated in call to "VectorInvariant" around /orcd/nese/raffaele/001/ssilvest/BaroclinicAdjustment.jl/src/BaroclinicAdjustment.jl:72
Stacktrace:
 [1] top-level scope
   @ /orcd/nese/raffaele/001/ssilvest/BaroclinicAdjustment.jl/src/BaroclinicAdjustment.jl:48
 [2] include
   @ ./Base.jl:457 [inlined]
 [3] include_package_for_output(pkg::Base.PkgId, input::String, depot_path::Vector{String}, dl_load_path::Vector{String}, load_path::Vector{String}, concrete_deps::Vector{Pair{Base.PkgId, UInt128}}, source::String)
   @ Base ./loading.jl:2049
 [4] top-level scope
   @ stdin:3
in expression starting at /orcd/nese/raffaele/001/ssilvest/BaroclinicAdjustment.jl/src/BaroclinicAdjustment.jl:1
in expression starting at stdin:3
ERROR: LoadError: Failed to precompile BaroclinicAdjustment [2ba04c38-97e8-4ac2-88ab-325be645c0d7] to "/nobackup1/users/ssilvest/depot/compiled/v1.9/BaroclinicAdjustment/jl_xJEb6C".
Stacktrace:
 [1] error(s::String)
   @ Base ./error.jl:35
 [2] compilecache(pkg::Base.PkgId, path::String, internal_stderr::IO, internal_stdout::IO, keep_loaded_modules::Bool)
   @ Base ./loading.jl:2300
 [3] compilecache
   @ ./loading.jl:2167 [inlined]
 [4] _require(pkg::Base.PkgId, env::String)
   @ Base ./loading.jl:1805
 [5] _require_prelocked(uuidkey::Base.PkgId, env::String)
   @ Base ./loading.jl:1660
 [6] macro expansion
   @ ./loading.jl:1648 [inlined]
 [7] macro expansion
   @ ./lock.jl:267 [inlined]
 [8] require(into::Module, mod::Symbol)
   @ Base ./loading.jl:1611
in expression starting at /orcd/nese/raffaele/001/ssilvest/BaroclinicAdjustment.jl/run_restoring.jl:1
