Precompiling project...
[91m  ✗ [39mBaroclinicAdjustment
  0 dependencies successfully precompiled in 3 seconds. 134 already precompiled.
  [91m1[39m dependency errored. To see a full report either run `import Pkg; Pkg.precompile()` or load the package
ERROR: LoadError: syntax: missing comma or ) in argument list
Stacktrace:
 [1] top-level scope
   @ /orcd/nese/raffaele/001/ssilvest/BaroclinicAdjustment.jl/src/BaroclinicAdjustment.jl:78
 [2] include
   @ ./Base.jl:457 [inlined]
 [3] include_package_for_output(pkg::Base.PkgId, input::String, depot_path::Vector{String}, dl_load_path::Vector{String}, load_path::Vector{String}, concrete_deps::Vector{Pair{Base.PkgId, UInt128}}, source::String)
   @ Base ./loading.jl:2049
 [4] top-level scope
   @ stdin:3
in expression starting at /orcd/nese/raffaele/001/ssilvest/BaroclinicAdjustment.jl/src/BaroclinicAdjustment.jl:78
in expression starting at stdin:3
ERROR: LoadError: Failed to precompile BaroclinicAdjustment [2ba04c38-97e8-4ac2-88ab-325be645c0d7] to "/orcd/nese/raffaele/001/ssilvest/depot/compiled/v1.9/BaroclinicAdjustment/jl_UJs05e".
Stacktrace:
 [1] error(s::String)
   @ Base ./error.jl:35
 [2] compilecache(pkg::Base.PkgId, path::String, internal_stderr::IO, internal_stdout::IO, keep_loaded_modules::Bool)
   @ Base ./loading.jl:2300
 [3] compilecache
   @ ./loading.jl:2167 [inlined]
 [4] _require(pkg::Base.PkgId, env::String)
   @ Base ./loading.jl:1805
 [5] _require_prelocked(uuidkey::Base.PkgId, env::String)
   @ Base ./loading.jl:1660
 [6] macro expansion
   @ ./loading.jl:1648 [inlined]
 [7] macro expansion
   @ ./lock.jl:267 [inlined]
 [8] require(into::Module, mod::Symbol)
   @ Base ./loading.jl:1611
in expression starting at /orcd/nese/raffaele/001/ssilvest/BaroclinicAdjustment.jl/run_restoring.jl:1
