ERROR: SystemError: mktemp: Disk quota exceeded
Stacktrace:
  [1] systemerror(p::Symbol, errno::Int32; extrainfo::Nothing)
    @ Base ./error.jl:176
  [2] #systemerror#82
    @ ./error.jl:175 [inlined]
  [3] systemerror
    @ ./error.jl:175 [inlined]
  [4] mktemp(parent::String; cleanup::Bool)
    @ Base.Filesystem ./file.jl:619
  [5] mktemp
    @ ./file.jl:616 [inlined]
  [6] compilecache(pkg::Base.PkgId, path::String, internal_stderr::IO, internal_stdout::IO, keep_loaded_modules::Bool)
    @ Base ./loading.jl:2189
  [7] compilecache
    @ ./loading.jl:2167 [inlined]
  [8] _require(pkg::Base.PkgId, env::String)
    @ Base ./loading.jl:1805
  [9] _require_prelocked(uuidkey::Base.PkgId, env::String)
    @ Base ./loading.jl:1660
 [10] macro expansion
    @ ./loading.jl:1648 [inlined]
 [11] macro expansion
    @ ./lock.jl:267 [inlined]
 [12] require(into::Module, mod::Symbol)
    @ Base ./loading.jl:1611
