   Installed Adapt ────────────── v3.6.1
   Installed OffsetArrays ─────── v1.12.9
   Installed FFTW ─────────────── v1.6.0
   Installed JSON3 ────────────── v1.13.1
   Installed Preferences ──────── v1.3.0
   Installed GPUCompiler ──────── v0.20.3
   Installed TaylorSeries ─────── v0.15.1
   Installed MPI ──────────────── v0.20.11
   Installed MKL_jll ──────────── v2022.2.0+0
   Installed OpenSSL_jll ──────── v3.0.9+0
   Installed Parsers ──────────── v2.7.0
   Installed SpecialFunctions ─── v2.2.0
   Installed StaticArrays ─────── v1.5.24
   Installed AbstractFFTs ─────── v1.3.1
   Installed StaticArraysCore ─── v1.4.0
   Installed JLLWrappers ──────── v1.4.1
   Installed LLVMExtra_jll ────── v0.0.21+0
   Installed OrderedCollections ─ v1.6.0
   Installed MPIPreferences ───── v0.1.8
   Installed UnsafeAtomicsLLVM ── v0.1.2
   Installed FileIO ───────────── v1.16.0
   Installed DataStructures ───── v0.18.13
   Installed IntelOpenMP_jll ──── v2023.1.0+0
   Installed LogExpFunctions ──── v0.3.24
   Installed GPUArrays ────────── v8.7.1
   Installed ExprTools ────────── v0.1.9
   Installed Strided ──────────── v2.0.1
   Installed Static ───────────── v0.8.7
   Installed Compat ───────────── v4.6.1
   Installed HDF5_jll ─────────── v1.14.0+0
   Installed LLVM ─────────────── v5.0.0
   Installed CUDA ─────────────── v4.3.2
Precompiling project...
[32m  ✓ [39m[90mExprTools[39m
[32m  ✓ [39m[90mStaticArraysCore[39m
[32m  ✓ [39m[90mAdapt[39m
[32m  ✓ [39m[90mPreferences[39m
[32m  ✓ [39m[90mAbstractFFTs[39m
[32m  ✓ [39m[90mCompat[39m
[32m  ✓ [39m[90mLogExpFunctions[39m
[32m  ✓ [39m[90mOrderedCollections[39m
[32m  ✓ [39m[90mStatic[39m
[32m  ✓ [39m[90mStrided[39m
[32m  ✓ [39m[90mCompat → CompatLinearAlgebraExt[39m
[32m  ✓ [39m[90mSnoopPrecompile[39m
[32m  ✓ [39m[90mPrecompileTools[39m
[32m  ✓ [39m[90mJLLWrappers[39m
[32m  ✓ [39m[90mMPIPreferences[39m
[32m  ✓ [39m[90mArrayInterface[39m
[32m  ✓ [39m[90mMicrosoftMPI_jll[39m
[32m  ✓ [39m[90mRmath_jll[39m
[32m  ✓ [39m[90mOpenSSL_jll[39m
[32m  ✓ [39m[90mZstd_jll[39m
[32m  ✓ [39m[90mTables[39m
[32m  ✓ [39m[90mLibiconv_jll[39m
[32m  ✓ [39m[90mOffsetArrays[39m
[32m  ✓ [39m[90mLLVMExtra_jll[39m
[32m  ✓ [39m[90mCUDA_Driver_jll[39m
[32m  ✓ [39m[90mIntelOpenMP_jll[39m
[32m  ✓ [39m[90mLLVMOpenMP_jll[39m
[32m  ✓ [39m[90mBzip2_jll[39m
[32m  ✓ [39m[90mFFTW_jll[39m
[32m  ✓ [39m[90mOpenSpecFun_jll[39m
[32m  ✓ [39m[90mlibaec_jll[39m
[32m  ✓ [39m[90mMPItrampoline_jll[39m
[32m  ✓ [39m[90mOpenMPI_jll[39m
[32m  ✓ [39m[90mArrayInterface → ArrayInterfaceStaticArraysCoreExt[39m
[32m  ✓ [39m[90mMPICH_jll[39m
[32m  ✓ [39m[90mXML2_jll[39m
[32m  ✓ [39m[90mMKL_jll[39m
[32m  ✓ [39m[90mRecipesBase[39m
[32m  ✓ [39m[90mRmath[39m
[32m  ✓ [39m[90mHDF5_jll[39m
[32m  ✓ [39m[90mTaylorSeries[39m
[32m  ✓ [39m[90mDataStructures[39m
[32m  ✓ [39m[90mCUDA_Runtime_jll[39m
[32m  ✓ [39m[90mStaticArrayInterface[39m
[32m  ✓ [39m[90mNetCDF_jll[39m
[32m  ✓ [39m[90mSortingAlgorithms[39m
[32m  ✓ [39m[90mCommonDataModel[39m
[32m  ✓ [39m[90mStaticArrayInterface → StaticArrayInterfaceOffsetArraysExt[39m
[32m  ✓ [39m[90mQuadGK[39m
[32m  ✓ [39m[90mIterativeSolvers[39m
[32m  ✓ [39m[90mTimerOutputs[39m
[32m  ✓ [39m[90mFileIO[39m
[32m  ✓ [39m[90mSpecialFunctions[39m
[32m  ✓ [39m[90mStatsBase[39m
[32m  ✓ [39m[90mDualNumbers[39m
[32m  ✓ [39m[90mMPI[39m
[32m  ✓ [39m[90mHypergeometricFunctions[39m
[32m  ✓ [39m[90mLLVM[39m
[32m  ✓ [39m[90mStaticArrays[39m
[32m  ✓ [39m[90mUnsafeAtomicsLLVM[39m
[32m  ✓ [39m[90mStatsFuns[39m
[32m  ✓ [39m[90mAdapt → AdaptStaticArraysExt[39m
[32m  ✓ [39m[90mStaticArrayInterface → StaticArrayInterfaceStaticArraysExt[39m
[32m  ✓ [39m[90mGPUArraysCore[39m
[32m  ✓ [39m[90mArrayInterface → ArrayInterfaceGPUArraysCoreExt[39m
[32m  ✓ [39m[90mStructArrays[39m
[32m  ✓ [39m[90mRotations[39m
[32m  ✓ [39m[90mGPUArrays[39m
[32m  ✓ [39m[90mNCDatasets[39m
[32m  ✓ [39mKernelAbstractions
[32m  ✓ [39m[90mDistributions[39m
[32m  ✓ [39mBitInformation
[32m  ✓ [39mFFTW
[32m  ✓ [39m[90mCubedSphere[39m
[32m  ✓ [39m[90mParsers[39m
[32m  ✓ [39mJLD2
[32m  ✓ [39m[90mJSON3[39m
[32m  ✓ [39m[90mPencilArrays[39m
[32m  ✓ [39m[90mGPUCompiler[39m
[32m  ✓ [39m[90mPencilFFTs[39m
[32m  ✓ [39m[90mCUDA[39m
[32m  ✓ [39m[90mMPI → CUDAExt[39m
[32m  ✓ [39m[90mArrayInterface → ArrayInterfaceCUDAExt[39m
[32m  ✓ [39mOceananigans
[32m  ✓ [39mBaroclinicAdjustment
  85 dependencies successfully precompiled in 287 seconds. 50 already precompiled.
  [33m1[39m dependency had warnings during precompilation:[33m
┌ [39mBaroclinicAdjustment [2ba04c38-97e8-4ac2-88ab-325be645c0d7][33m
│  [39mWARNING: Method definition (::Type{Oceananigans.OutputReaders.FieldTimeSeries{LX, LY, LZ, K, I, D, G, T, B, χ} where χ where B where T where G where D where I where K})(Any, Any) where {LX, LY, LZ} in module OutputReaders at /orcd/nese/raffaele/001/ssilvest/depot/packages/Oceananigans/Tj6om/src/OutputReaders/field_time_series.jl:54 overwritten in module Diagnostics at /orcd/nese/raffaele/001/ssilvest/BaroclinicAdjustment.jl/src/Diagnostics/Diagnostics.jl:18.[33m
│  [39m  ** incremental compilation may be fatally broken for this module **[33m
│  [39m[33m
│  [39mWARNING: Method definition (::Type{Oceananigans.OutputReaders.FieldTimeSeries{LX, LY, LZ, K, I, D, G, T, B, χ} where χ where B where T where G where D where I where K})(Any, Any, Any) where {LX, LY, LZ} in module OutputReaders at /orcd/nese/raffaele/001/ssilvest/depot/packages/Oceananigans/Tj6om/src/OutputReaders/field_time_series.jl:54 overwritten in module Diagnostics at /orcd/nese/raffaele/001/ssilvest/BaroclinicAdjustment.jl/src/Diagnostics/Diagnostics.jl:18.[33m
│  [39m  ** incremental compilation may be fatally broken for this module **[33m
│  [39m[33m
│  [39mWARNING: Method definition kwcall(Any, Type{Oceananigans.OutputReaders.FieldTimeSeries{LX, LY, LZ, K, I, D, G, T, B, χ} where χ where B where T where G where D where I where K}, Any, Any) where {LX, LY, LZ} in module OutputReaders at /orcd/nese/raffaele/001/ssilvest/depot/packages/Oceananigans/Tj6om/src/OutputReaders/field_time_series.jl:54 overwritten in module Diagnostics at /orcd/nese/raffaele/001/ssilvest/BaroclinicAdjustment.jl/src/Diagnostics/Diagnostics.jl:18.[33m
│  [39m  ** incremental compilation may be fatally broken for this module **[33m
│  [39m[33m
│  [39mWARNING: Method definition kwcall(Any, Type{Oceananigans.OutputReaders.FieldTimeSeries{LX, LY, LZ, K, I, D, G, T, B, χ} where χ where B where T where G where D where I where K}, Any, Any, Any) where {LX, LY, LZ} in module OutputReaders at /orcd/nese/raffaele/001/ssilvest/depot/packages/Oceananigans/Tj6om/src/OutputReaders/field_time_series.jl:54 overwritten in module Diagnostics at /orcd/nese/raffaele/001/ssilvest/BaroclinicAdjustment.jl/src/Diagnostics/Diagnostics.jl:18.[33m
│  [39m  ** incremental compilation may be fatally broken for this module **[33m
│  [39m[33m
│  [39mWARNING: Method definition getindex(Oceananigans.OutputReaders.FieldTimeSeries{LX, LY, LZ, Oceananigans.OutputReaders.OnDisk, I, D, G, T, B, χ} where χ where B where T where G where D where I, Int64) where {LX, LY, LZ} in module OutputReaders at /orcd/nese/raffaele/001/ssilvest/depot/packages/Oceananigans/Tj6om/src/OutputReaders/field_time_series.jl:168 overwritten in module Diagnostics at /orcd/nese/raffaele/001/ssilvest/BaroclinicAdjustment.jl/src/Diagnostics/Diagnostics.jl:43.[33m
│  [39m  ** incremental compilation may be fatally broken for this module **[33m
└  [39m
ERROR: LoadError: MethodError: no method matching VectorInvariant(; vorticity_scheme::WENO{3, Float64, Nothing, Nothing, Nothing, true, Nothing, WENO{2, Float64, Nothing, Nothing, Nothing, true, Nothing, UpwindBiased{1, Float64, Nothing, Nothing, Nothing, Nothing, Centered{1, Float64, Nothing, Nothing, Nothing, Nothing}}, Centered{1, Float64, Nothing, Nothing, Nothing, Nothing}}, Centered{2, Float64, Nothing, Nothing, Nothing, Centered{1, Float64, Nothing, Nothing, Nothing, Nothing}}}, vorticity_stencil::Oceananigans.Advection.VelocityStencil, vertical_scheme::WENO{3, Float64, Nothing, Nothing, Nothing, true, Nothing, WENO{2, Float64, Nothing, Nothing, Nothing, true, Nothing, UpwindBiased{1, Float64, Nothing, Nothing, Nothing, Nothing, Centered{1, Float64, Nothing, Nothing, Nothing, Nothing}}, Centered{1, Float64, Nothing, Nothing, Nothing, Nothing}}, Centered{2, Float64, Nothing, Nothing, Nothing, Centered{1, Float64, Nothing, Nothing, Nothing, Nothing}}}, δU_stencil::typeof(Oceananigans.Advection.U_smoothness), δV_stencil::typeof(Oceananigans.Advection.V_smoothness), upwinding::Oceananigans.Advection.CrossAndSelfUpwinding{Centered{2, Float64, Nothing, Nothing, Nothing, Centered{1, Float64, Nothing, Nothing, Nothing, Nothing}}, DefaultStencil, FunctionStencil{typeof(Oceananigans.Advection.u_smoothness)}, FunctionStencil{typeof(Oceananigans.Advection.v_smoothness)}})

Closest candidates are:
  VectorInvariant(; vorticity_scheme, vorticity_stencil, vertical_scheme, ke_gradient_scheme, divergence_scheme, upwinding, multi_dimensional_stencil) got unsupported keyword arguments "δU_stencil", "δV_stencil"
   @ Oceananigans /orcd/nese/raffaele/001/ssilvest/depot/packages/Oceananigans/Tj6om/src/Advection/vector_invariant_advection.jl:82

Stacktrace:
 [1] kwerr(kw::NamedTuple{(:vorticity_scheme, :vorticity_stencil, :vertical_scheme, :δU_stencil, :δV_stencil, :upwinding), Tuple{WENO{3, Float64, Nothing, Nothing, Nothing, true, Nothing, WENO{2, Float64, Nothing, Nothing, Nothing, true, Nothing, UpwindBiased{1, Float64, Nothing, Nothing, Nothing, Nothing, Centered{1, Float64, Nothing, Nothing, Nothing, Nothing}}, Centered{1, Float64, Nothing, Nothing, Nothing, Nothing}}, Centered{2, Float64, Nothing, Nothing, Nothing, Centered{1, Float64, Nothing, Nothing, Nothing, Nothing}}}, Oceananigans.Advection.VelocityStencil, WENO{3, Float64, Nothing, Nothing, Nothing, true, Nothing, WENO{2, Float64, Nothing, Nothing, Nothing, true, Nothing, UpwindBiased{1, Float64, Nothing, Nothing, Nothing, Nothing, Centered{1, Float64, Nothing, Nothing, Nothing, Nothing}}, Centered{1, Float64, Nothing, Nothing, Nothing, Nothing}}, Centered{2, Float64, Nothing, Nothing, Nothing, Centered{1, Float64, Nothing, Nothing, Nothing, Nothing}}}, typeof(Oceananigans.Advection.U_smoothness), typeof(Oceananigans.Advection.V_smoothness), Oceananigans.Advection.CrossAndSelfUpwinding{Centered{2, Float64, Nothing, Nothing, Nothing, Centered{1, Float64, Nothing, Nothing, Nothing, Nothing}}, DefaultStencil, FunctionStencil{typeof(Oceananigans.Advection.u_smoothness)}, FunctionStencil{typeof(Oceananigans.Advection.v_smoothness)}}}}, args::Type)
   @ Base ./error.jl:165
 [2] testcases(FT::Type)
   @ BaroclinicAdjustment /orcd/nese/raffaele/001/ssilvest/BaroclinicAdjustment.jl/src/BaroclinicAdjustment.jl:72
 [3] top-level scope
   @ /orcd/nese/raffaele/001/ssilvest/BaroclinicAdjustment.jl/run_restoring.jl:10
in expression starting at /orcd/nese/raffaele/001/ssilvest/BaroclinicAdjustment.jl/run_restoring.jl:10
C = (Cₗ / π) ^ 3 / 8 = 0.004031441804149937
typeof(visc.ν) = Oceananigans.TurbulenceClosures.DiscreteDiffusionFunction{Nothing, Nothing, Nothing, NamedTuple{(:C, :Area), Tuple{Float64, typeof(BaroclinicAdjustment.Δ²ᵃᵃᵃ)}}, typeof(BaroclinicAdjustment.νhb_leith_final)}
C = (Cₗ / π) ^ 3 = 0.032251534433199495
typeof(visc.ν) = Oceananigans.TurbulenceClosures.DiscreteDiffusionFunction{Nothing, Nothing, Nothing, NamedTuple{(:C, :Area), Tuple{Float64, typeof(BaroclinicAdjustment.Δ²ᵃᵃᵃ)}}, typeof(BaroclinicAdjustment.νhb_leith_laplacian_final)}
C = (Cₛₘ / π) ^ 2 / 8 = 0.002564692460946675
