Precompiling project...
[32m  ✓ [39mBaroclinicAdjustment
  1 dependency successfully precompiled in 16 seconds. 134 already precompiled.
  [33m1[39m dependency had warnings during precompilation:[33m
┌ [39mBaroclinicAdjustment [2ba04c38-97e8-4ac2-88ab-325be645c0d7][33m
│  [39mWARNING: Method definition (::Type{Oceananigans.OutputReaders.FieldTimeSeries{LX, LY, LZ, K, I, D, G, T, B, χ} where χ where B where T where G where D where I where K})(Any, Any) where {LX, LY, LZ} in module OutputReaders at /orcd/nese/raffaele/001/ssilvest/depot/packages/Oceananigans/Tj6om/src/OutputReaders/field_time_series.jl:54 overwritten in module Diagnostics at /orcd/nese/raffaele/001/ssilvest/BaroclinicAdjustment.jl/src/Diagnostics/Diagnostics.jl:18.[33m
│  [39m  ** incremental compilation may be fatally broken for this module **[33m
│  [39m[33m
│  [39mWARNING: Method definition (::Type{Oceananigans.OutputReaders.FieldTimeSeries{LX, LY, LZ, K, I, D, G, T, B, χ} where χ where B where T where G where D where I where K})(Any, Any, Any) where {LX, LY, LZ} in module OutputReaders at /orcd/nese/raffaele/001/ssilvest/depot/packages/Oceananigans/Tj6om/src/OutputReaders/field_time_series.jl:54 overwritten in module Diagnostics at /orcd/nese/raffaele/001/ssilvest/BaroclinicAdjustment.jl/src/Diagnostics/Diagnostics.jl:18.[33m
│  [39m  ** incremental compilation may be fatally broken for this module **[33m
│  [39m[33m
│  [39mWARNING: Method definition kwcall(Any, Type{Oceananigans.OutputReaders.FieldTimeSeries{LX, LY, LZ, K, I, D, G, T, B, χ} where χ where B where T where G where D where I where K}, Any, Any) where {LX, LY, LZ} in module OutputReaders at /orcd/nese/raffaele/001/ssilvest/depot/packages/Oceananigans/Tj6om/src/OutputReaders/field_time_series.jl:54 overwritten in module Diagnostics at /orcd/nese/raffaele/001/ssilvest/BaroclinicAdjustment.jl/src/Diagnostics/Diagnostics.jl:18.[33m
│  [39m  ** incremental compilation may be fatally broken for this module **[33m
│  [39m[33m
│  [39mWARNING: Method definition kwcall(Any, Type{Oceananigans.OutputReaders.FieldTimeSeries{LX, LY, LZ, K, I, D, G, T, B, χ} where χ where B where T where G where D where I where K}, Any, Any, Any) where {LX, LY, LZ} in module OutputReaders at /orcd/nese/raffaele/001/ssilvest/depot/packages/Oceananigans/Tj6om/src/OutputReaders/field_time_series.jl:54 overwritten in module Diagnostics at /orcd/nese/raffaele/001/ssilvest/BaroclinicAdjustment.jl/src/Diagnostics/Diagnostics.jl:18.[33m
│  [39m  ** incremental compilation may be fatally broken for this module **[33m
│  [39m[33m
│  [39mWARNING: Method definition getindex(Oceananigans.OutputReaders.FieldTimeSeries{LX, LY, LZ, Oceananigans.OutputReaders.OnDisk, I, D, G, T, B, χ} where χ where B where T where G where D where I, Int64) where {LX, LY, LZ} in module OutputReaders at /orcd/nese/raffaele/001/ssilvest/depot/packages/Oceananigans/Tj6om/src/OutputReaders/field_time_series.jl:168 overwritten in module Diagnostics at /orcd/nese/raffaele/001/ssilvest/BaroclinicAdjustment.jl/src/Diagnostics/Diagnostics.jl:43.[33m
│  [39m  ** incremental compilation may be fatally broken for this module **[33m
└  [39m
ERROR: LoadError: MethodError: no method matching VectorInvariant(; vorticity_scheme::WENO{3, Float64, Nothing, Nothing, Nothing, true, Nothing, WENO{2, Float64, Nothing, Nothing, Nothing, true, Nothing, UpwindBiased{1, Float64, Nothing, Nothing, Nothing, Nothing, Centered{1, Float64, Nothing, Nothing, Nothing, Nothing}}, Centered{1, Float64, Nothing, Nothing, Nothing, Nothing}}, Centered{2, Float64, Nothing, Nothing, Nothing, Centered{1, Float64, Nothing, Nothing, Nothing, Nothing}}}, vorticity_stencil::Oceananigans.Advection.VelocityStencil, vertical_scheme::WENO{3, Float64, Nothing, Nothing, Nothing, true, Nothing, WENO{2, Float64, Nothing, Nothing, Nothing, true, Nothing, UpwindBiased{1, Float64, Nothing, Nothing, Nothing, Nothing, Centered{1, Float64, Nothing, Nothing, Nothing, Nothing}}, Centered{1, Float64, Nothing, Nothing, Nothing, Nothing}}, Centered{2, Float64, Nothing, Nothing, Nothing, Centered{1, Float64, Nothing, Nothing, Nothing, Nothing}}}, δU_stencil::typeof(Oceananigans.Advection.U_smoothness), δV_stencil::typeof(Oceananigans.Advection.V_smoothness), upwinding::Oceananigans.Advection.OnlySelfUpwinding{Centered{2, Float64, Nothing, Nothing, Nothing, Centered{1, Float64, Nothing, Nothing, Nothing, Nothing}}, FunctionStencil{typeof(Oceananigans.Advection.divergence_smoothness)}, FunctionStencil{typeof(Oceananigans.Advection.divergence_smoothness)}, FunctionStencil{typeof(Oceananigans.Advection.u_smoothness)}, FunctionStencil{typeof(Oceananigans.Advection.v_smoothness)}})

Closest candidates are:
  VectorInvariant(; vorticity_scheme, vorticity_stencil, vertical_scheme, ke_gradient_scheme, divergence_scheme, upwinding, multi_dimensional_stencil) got unsupported keyword arguments "δU_stencil", "δV_stencil"
   @ Oceananigans /orcd/nese/raffaele/001/ssilvest/depot/packages/Oceananigans/Tj6om/src/Advection/vector_invariant_advection.jl:82

Stacktrace:
 [1] kwerr(kw::NamedTuple{(:vorticity_scheme, :vorticity_stencil, :vertical_scheme, :δU_stencil, :δV_stencil, :upwinding), Tuple{WENO{3, Float64, Nothing, Nothing, Nothing, true, Nothing, WENO{2, Float64, Nothing, Nothing, Nothing, true, Nothing, UpwindBiased{1, Float64, Nothing, Nothing, Nothing, Nothing, Centered{1, Float64, Nothing, Nothing, Nothing, Nothing}}, Centered{1, Float64, Nothing, Nothing, Nothing, Nothing}}, Centered{2, Float64, Nothing, Nothing, Nothing, Centered{1, Float64, Nothing, Nothing, Nothing, Nothing}}}, Oceananigans.Advection.VelocityStencil, WENO{3, Float64, Nothing, Nothing, Nothing, true, Nothing, WENO{2, Float64, Nothing, Nothing, Nothing, true, Nothing, UpwindBiased{1, Float64, Nothing, Nothing, Nothing, Nothing, Centered{1, Float64, Nothing, Nothing, Nothing, Nothing}}, Centered{1, Float64, Nothing, Nothing, Nothing, Nothing}}, Centered{2, Float64, Nothing, Nothing, Nothing, Centered{1, Float64, Nothing, Nothing, Nothing, Nothing}}}, typeof(Oceananigans.Advection.U_smoothness), typeof(Oceananigans.Advection.V_smoothness), Oceananigans.Advection.OnlySelfUpwinding{Centered{2, Float64, Nothing, Nothing, Nothing, Centered{1, Float64, Nothing, Nothing, Nothing, Nothing}}, FunctionStencil{typeof(Oceananigans.Advection.divergence_smoothness)}, FunctionStencil{typeof(Oceananigans.Advection.divergence_smoothness)}, FunctionStencil{typeof(Oceananigans.Advection.u_smoothness)}, FunctionStencil{typeof(Oceananigans.Advection.v_smoothness)}}}}, args::Type)
   @ Base ./error.jl:165
 [2] testcases(FT::Type)
   @ BaroclinicAdjustment /orcd/nese/raffaele/001/ssilvest/BaroclinicAdjustment.jl/src/BaroclinicAdjustment.jl:74
 [3] top-level scope
   @ /orcd/nese/raffaele/001/ssilvest/BaroclinicAdjustment.jl/run_restoring.jl:10
in expression starting at /orcd/nese/raffaele/001/ssilvest/BaroclinicAdjustment.jl/run_restoring.jl:10
C = (Cₗ / π) ^ 3 / 8 = 0.004031441804149937
typeof(visc.ν) = Oceananigans.TurbulenceClosures.DiscreteDiffusionFunction{Nothing, Nothing, Nothing, NamedTuple{(:C, :Area), Tuple{Float64, typeof(BaroclinicAdjustment.Δ²ᵃᵃᵃ)}}, typeof(BaroclinicAdjustment.νhb_leith_final)}
C = (Cₗ / π) ^ 3 = 0.032251534433199495
typeof(visc.ν) = Oceananigans.TurbulenceClosures.DiscreteDiffusionFunction{Nothing, Nothing, Nothing, NamedTuple{(:C, :Area), Tuple{Float64, typeof(BaroclinicAdjustment.Δ²ᵃᵃᵃ)}}, typeof(BaroclinicAdjustment.νhb_leith_laplacian_final)}
C = (Cₛₘ / π) ^ 2 / 8 = 0.002564692460946675
