   Installed Preferences ──────── v1.3.0
   Installed FFTW ─────────────── v1.6.0
   Installed Adapt ────────────── v3.6.1
   Installed OpenSSL_jll ──────── v3.0.9+0
   Installed OffsetArrays ─────── v1.12.9
   Installed SpecialFunctions ─── v2.2.0
   Installed MKL_jll ──────────── v2022.2.0+0
   Installed GPUCompiler ──────── v0.20.3
   Installed TaylorSeries ─────── v0.15.1
   Installed Parsers ──────────── v2.7.0
   Installed MPI ──────────────── v0.20.11
   Installed StaticArrays ─────── v1.5.24
   Installed AbstractFFTs ─────── v1.3.1
   Installed StaticArraysCore ─── v1.4.0
   Installed JLLWrappers ──────── v1.4.1
   Installed LLVMExtra_jll ────── v0.0.21+0
   Installed OrderedCollections ─ v1.6.0
   Installed UnsafeAtomicsLLVM ── v0.1.2
   Installed DataStructures ───── v0.18.13
   Installed MPIPreferences ───── v0.1.8
   Installed FileIO ───────────── v1.16.0
   Installed IntelOpenMP_jll ──── v2023.1.0+0
   Installed LogExpFunctions ──── v0.3.24
   Installed GPUArrays ────────── v8.7.1
   Installed KernelAbstractions ─ v0.9.16
   Installed Compat ───────────── v4.6.1
   Installed ExprTools ────────── v0.1.9
   Installed HDF5_jll ─────────── v1.14.0+0
   Installed LLVM ─────────────── v5.0.0
   Installed CUDA ─────────────── v4.3.2
Precompiling project...
[32m  ✓ [39m[90mAdapt[39m
[32m  ✓ [39m[90mExprTools[39m
[32m  ✓ [39m[90mAbstractFFTs[39m
[32m  ✓ [39m[90mCompat[39m
[32m  ✓ [39m[90mStaticArraysCore[39m
[32m  ✓ [39m[90mLogExpFunctions[39m
[32m  ✓ [39m[90mOrderedCollections[39m
[32m  ✓ [39m[90mPreferences[39m
[32m  ✓ [39m[90mCompat → CompatLinearAlgebraExt[39m
[32m  ✓ [39m[90mPrecompileTools[39m
[32m  ✓ [39m[90mJLLWrappers[39m
[32m  ✓ [39m[90mMPIPreferences[39m
[32m  ✓ [39m[90mTables[39m
[32m  ✓ [39m[90mMicrosoftMPI_jll[39m
[32m  ✓ [39m[90mOffsetArrays[39m
[32m  ✓ [39m[90mRmath_jll[39m
[32m  ✓ [39m[90mOpenSSL_jll[39m
[32m  ✓ [39m[90mZstd_jll[39m
[32m  ✓ [39m[90mLibiconv_jll[39m
[32m  ✓ [39m[90mCUDA_Driver_jll[39m
[32m  ✓ [39m[90mLLVMExtra_jll[39m
[32m  ✓ [39m[90mIntelOpenMP_jll[39m
[32m  ✓ [39m[90mLLVMOpenMP_jll[39m
[32m  ✓ [39m[90mBzip2_jll[39m
[32m  ✓ [39m[90mFFTW_jll[39m
[32m  ✓ [39m[90mOpenSpecFun_jll[39m
[32m  ✓ [39m[90mMPItrampoline_jll[39m
[32m  ✓ [39m[90mlibaec_jll[39m
[32m  ✓ [39m[90mOpenMPI_jll[39m
[32m  ✓ [39m[90mMPICH_jll[39m
[32m  ✓ [39m[90mXML2_jll[39m
[32m  ✓ [39m[90mMKL_jll[39m
[32m  ✓ [39m[90mRecipesBase[39m
[32m  ✓ [39m[90mRmath[39m
[32m  ✓ [39m[90mTaylorSeries[39m
[32m  ✓ [39m[90mDataStructures[39m
[32m  ✓ [39m[90mCUDA_Runtime_jll[39m
[32m  ✓ [39m[90mHDF5_jll[39m
[32m  ✓ [39m[90mSortingAlgorithms[39m
[32m  ✓ [39m[90mCommonDataModel[39m
[32m  ✓ [39m[90mNetCDF_jll[39m
[32m  ✓ [39m[90mTimerOutputs[39m
[32m  ✓ [39m[90mQuadGK[39m
[32m  ✓ [39m[90mIterativeSolvers[39m
[32m  ✓ [39m[90mFileIO[39m
[32m  ✓ [39m[90mSpecialFunctions[39m
[32m  ✓ [39m[90mStatsBase[39m
[32m  ✓ [39m[90mDualNumbers[39m
[32m  ✓ [39m[90mMPI[39m
[32m  ✓ [39m[90mHypergeometricFunctions[39m
[32m  ✓ [39m[90mLLVM[39m
[32m  ✓ [39m[90mStaticArrays[39m
[32m  ✓ [39m[90mAdapt → AdaptStaticArraysExt[39m
[32m  ✓ [39m[90mUnsafeAtomicsLLVM[39m
[32m  ✓ [39m[90mStatsFuns[39m
[32m  ✓ [39m[90mGPUArraysCore[39m
[32m  ✓ [39m[90mStructArrays[39m
[32m  ✓ [39m[90mRotations[39m
[32m  ✓ [39m[90mGPUArrays[39m
[32m  ✓ [39m[90mNCDatasets[39m
[32m  ✓ [39mKernelAbstractions
[32m  ✓ [39m[90mDistributions[39m
[32m  ✓ [39mBitInformation
[32m  ✓ [39mFFTW
[32m  ✓ [39m[90mCubedSphere[39m
[32m  ✓ [39m[90mParsers[39m
[32m  ✓ [39mJLD2
[32m  ✓ [39mJSON3
[32m  ✓ [39m[90mGPUCompiler[39m
[32m  ✓ [39m[90mCUDA[39m
[32m  ✓ [39m[90mMPI → CUDAExt[39m
[32m  ✓ [39mOceananigans
[32m  ✓ [39mBaroclinicAdjustment
  73 dependencies successfully precompiled in 280 seconds. 45 already precompiled.
  [33m1[39m dependency had warnings during precompilation:[33m
┌ [39mBaroclinicAdjustment [2ba04c38-97e8-4ac2-88ab-325be645c0d7][33m
│  [39mWARNING: could not import TurbulenceClosures.calculate_diffusivities! into BaroclinicAdjustment[33m
│  [39mWARNING: Method definition set!(Oceananigans.OutputReaders.FieldTimeSeries{LX, LY, LZ, var"#s312", I, D, G, T, B, χ, P, N} where N where P where χ where B where T where G where D where I where var"#s312"<:(Oceananigans.OutputReaders.InMemory{I} where I) where LZ where LY where LX, Any, Int64) in module OutputReaders at /orcd/nese/raffaele/001/ssilvest/depot/packages/Oceananigans/oDzSn/src/OutputReaders/memory_allocated_field_time_series.jl:25 overwritten in module Diagnostics at /orcd/nese/raffaele/001/ssilvest/BaroclinicAdjustment.jl/src/Diagnostics/Diagnostics.jl:65.[33m
│  [39m  ** incremental compilation may be fatally broken for this module **[33m
└  [39m
ERROR: LoadError: UndefVarError: `FT` not defined
Stacktrace:
 [1] top-level scope
   @ /orcd/nese/raffaele/001/ssilvest/BaroclinicAdjustment.jl/run_restoring.jl:32
in expression starting at /orcd/nese/raffaele/001/ssilvest/BaroclinicAdjustment.jl/run_restoring.jl:32
C = (Cₗ / π) ^ 3 / 8 = 0.004031441804149937
typeof(visc.ν) = Oceananigans.TurbulenceClosures.DiscreteDiffusionFunction{Nothing, Nothing, Nothing, NamedTuple{(:C, :Area), Tuple{Float64, typeof(BaroclinicAdjustment.Δ²ᵃᵃᵃ)}}, typeof(BaroclinicAdjustment.νhb_leith_final)}
C = (Cₗ / π) ^ 3 = 0.032251534433199495
typeof(visc.ν) = Oceananigans.TurbulenceClosures.DiscreteDiffusionFunction{Nothing, Nothing, Nothing, NamedTuple{(:C, :Area), Tuple{Float64, typeof(BaroclinicAdjustment.Δ²ᵃᵃᵃ)}}, typeof(BaroclinicAdjustment.νhb_leith_laplacian_final)}
C = (Cₛₘ / π) ^ 2 / 8 = 0.002564692460946675
